<?xml version="1.0" encoding="UTF-8"?>
<testng-results skipped="0" failed="0" total="1" passed="1">
  <reporter-output>
  </reporter-output>
  <suite name="InetBanking" duration-ms="14319" started-at="2020-01-25T04:25:04Z" finished-at="2020-01-25T04:25:18Z">
    <groups>
    </groups>
    <test name="BankingApp Test" duration-ms="14319" started-at="2020-01-25T04:25:04Z" finished-at="2020-01-25T04:25:18Z">
      <class name="com.inetbanking.testcases.LoginPage_TestCase">
        <test-method status="PASS" signature="setUp(java.lang.String)[pri:0, instance:com.inetbanking.testcases.LoginPage_TestCase@5a61f5df]" name="setUp" is-config="true" duration-ms="10656" started-at="2020-01-25T09:55:04Z" finished-at="2020-01-25T09:55:15Z">
          <params>
            <param index="0">
              <value>
                <![CDATA[chrome]]>
              </value>
            </param>
          </params>
          <reporter-output>
          </reporter-output>
        </test-method> <!-- setUp -->
        <test-method status="PASS" signature="login_test()[pri:0, instance:com.inetbanking.testcases.LoginPage_TestCase@5a61f5df]" name="login_test" duration-ms="2300" started-at="2020-01-25T09:55:15Z" finished-at="2020-01-25T09:55:17Z">
          <reporter-output>
          </reporter-output>
        </test-method> <!-- login_test -->
        <test-method status="PASS" signature="tearDown()[pri:0, instance:com.inetbanking.testcases.LoginPage_TestCase@5a61f5df]" name="tearDown" is-config="true" duration-ms="1100" started-at="2020-01-25T09:55:17Z" finished-at="2020-01-25T09:55:18Z">
          <reporter-output>
          </reporter-output>
        </test-method> <!-- tearDown -->
      </class> <!-- com.inetbanking.testcases.LoginPage_TestCase -->
    </test> <!-- BankingApp Test -->
  </suite> <!-- InetBanking -->
</testng-results>
